<?xml version="1.0" encoding="UTF-8"?>
<testsuite name="edu.jsu.mcis.TicTacToeTest" tests="9" skipped="0" failures="0" errors="0" timestamp="2016-09-16T04:58:11" hostname="Nicholas-PC" time="0.006">
  <properties/>
  <testcase name="testMarkBottomLeftCorner" classname="edu.jsu.mcis.TicTacToeTest" time="0.003"/>
  <testcase name="testNoMarkOverExistingMark" classname="edu.jsu.mcis.TicTacToeTest" time="0.0"/>
  <testcase name="testGameContinueAfterFirstMark" classname="edu.jsu.mcis.TicTacToeTest" time="0.0"/>
  <testcase name="testMarkUpperRightCorner" classname="edu.jsu.mcis.TicTacToeTest" time="0.0"/>
  <testcase name="testDiagonalVictory" classname="edu.jsu.mcis.TicTacToeTest" time="0.0"/>
  <testcase name="testLeftVerticalVictory" classname="edu.jsu.mcis.TicTacToeTest" time="0.001"/>
  <testcase name="testTopRowVictory" classname="edu.jsu.mcis.TicTacToeTest" time="0.0"/>
  <testcase name="testInitialBoardIsEmpty" classname="edu.jsu.mcis.TicTacToeTest" time="0.0"/>
  <testcase name="testGameOverByTie" classname="edu.jsu.mcis.TicTacToeTest" time="0.0"/>
  <system-out><![CDATA[]]></system-out>
  <system-err><![CDATA[]]></system-err>
</testsuite>
